16:15:21 **** Incremental Build of configuration Release for project app_zynq7_lcd ****
make all 
make --no-print-directory pre-build
a9-linaro-pre-build-step
' '
make --no-print-directory main-build
'Building file: ../src/main.c'
'Invoking: ARM v7 gcc compiler'
arm-none-eabi-gcc -Wall -O2 -c -fmessage-length=0 -MT"src/main.o" -mcpu=cortex-a9 -mfpu=vfpv3 -mfloat-abi=hard -ID:/Projects/prj/AMD/lcd_7020/zynq_7020_lcd/workspace/zynq7_lcd/export/zynq7_lcd/sw/zynq7_lcd/standalone_domain/bspinclude/include -MMD -MP -MF"src/main.d" -MT"src/main.o" -o "src/main.o" "../src/main.c"
../src/main.c: In function 'gen_filename':
../src/main.c:51:30: warning: repeated '0' flag in format [-Wformat=]
   51 |         sprintf(filename, "%000d", pic_num);
      |                              ^
../src/main.c:51:31: warning: repeated '0' flag in format [-Wformat=]
   51 |         sprintf(filename, "%000d", pic_num);
      |                               ^
../src/main.c:51:32: warning: format '%d' expects argument of type 'int', but argument 3 has type 'u32' {aka 'long unsigned int'} [-Wformat=]
   51 |         sprintf(filename, "%000d", pic_num);
      |                            ~~~~^   ~~~~~~~
      |                                |   |
      |                                int u32 {aka long unsigned int}
      |                            %000ld
../src/main.c:53:30: warning: repeated '0' flag in format [-Wformat=]
   53 |         sprintf(filename, "%00d", pic_num);
      |                              ^
../src/main.c:53:31: warning: format '%d' expects argument of type 'int', but argument 3 has type 'u32' {aka 'long unsigned int'} [-Wformat=]
   53 |         sprintf(filename, "%00d", pic_num);
      |                            ~~~^   ~~~~~~~
      |                               |   |
      |                               int u32 {aka long unsigned int}
      |                            %00ld
../src/main.c:55:30: warning: format '%d' expects argument of type 'int', but argument 3 has type 'u32' {aka 'long unsigned int'} [-Wformat=]
   55 |         sprintf(filename, "%0d", pic_num);
      |                            ~~^   ~~~~~~~
      |                              |   |
      |                              int u32 {aka long unsigned int}
      |                            %0ld
../src/main.c:57:29: warning: format '%d' expects argument of type 'int', but argument 3 has type 'u32' {aka 'long unsigned int'} [-Wformat=]
   57 |         sprintf(filename, "%d", pic_num);
      |                            ~^   ~~~~~~~
      |                             |   |
      |                             int u32 {aka long unsigned int}
      |                            %ld
In file included from ../src/../includes/../Includes/global_defines.h:8,
                 from ../src/../includes/../Includes/lcd_drv.h:6,
                 from ../src/../includes/lcd_init.h:6,
                 from ../src/main.c:28:
../src/../includes/../Includes/setup_intr.h: At top level:
../src/../includes/../Includes/setup_intr.h:14:12: warning: 'pin_stat_past' defined but not used [-Wunused-variable]
   14 | static u16 pin_stat_past = 1;
      |            ^~~~~~~~~~~~~
'Finished building: ../src/main.c'
' '
'Building file: ../includes/intr_io_init.c'
'Invoking: ARM v7 gcc compiler'
arm-none-eabi-gcc -Wall -O2 -c -fmessage-length=0 -MT"includes/intr_io_init.o" -mcpu=cortex-a9 -mfpu=vfpv3 -mfloat-abi=hard -ID:/Projects/prj/AMD/lcd_7020/zynq_7020_lcd/workspace/zynq7_lcd/export/zynq7_lcd/sw/zynq7_lcd/standalone_domain/bspinclude/include -MMD -MP -MF"includes/intr_io_init.d" -MT"includes/intr_io_init.o" -o "includes/intr_io_init.o" "../includes/intr_io_init.c"
In file included from ../includes/intr_io_init.h:7,
                 from ../includes/intr_io_init.c:4:
../includes/setup_intr.h:14:12: warning: 'pin_stat_past' defined but not used [-Wunused-variable]
   14 | static u16 pin_stat_past = 1;
      |            ^~~~~~~~~~~~~
'Finished building: ../includes/intr_io_init.c'
' '
'Building file: ../includes/lcd_drv.c'
'Invoking: ARM v7 gcc compiler'
arm-none-eabi-gcc -Wall -O2 -c -fmessage-length=0 -MT"includes/lcd_drv.o" -mcpu=cortex-a9 -mfpu=vfpv3 -mfloat-abi=hard -ID:/Projects/prj/AMD/lcd_7020/zynq_7020_lcd/workspace/zynq7_lcd/export/zynq7_lcd/sw/zynq7_lcd/standalone_domain/bspinclude/include -MMD -MP -MF"includes/lcd_drv.d" -MT"includes/lcd_drv.o" -o "includes/lcd_drv.o" "../includes/lcd_drv.c"
In file included from ../includes/global_defines.h:8,
                 from ../includes/lcd_drv.h:6,
                 from ../includes/lcd_drv.c:4:
../includes/setup_intr.h:14:12: warning: 'pin_stat_past' defined but not used [-Wunused-variable]
   14 | static u16 pin_stat_past = 1;
      |            ^~~~~~~~~~~~~
'Finished building: ../includes/lcd_drv.c'
' '
'Building file: ../includes/lcd_init.c'
'Invoking: ARM v7 gcc compiler'
arm-none-eabi-gcc -Wall -O2 -c -fmessage-length=0 -MT"includes/lcd_init.o" -mcpu=cortex-a9 -mfpu=vfpv3 -mfloat-abi=hard -ID:/Projects/prj/AMD/lcd_7020/zynq_7020_lcd/workspace/zynq7_lcd/export/zynq7_lcd/sw/zynq7_lcd/standalone_domain/bspinclude/include -MMD -MP -MF"includes/lcd_init.d" -MT"includes/lcd_init.o" -o "includes/lcd_init.o" "../includes/lcd_init.c"
In file included from ../includes/../Includes/global_defines.h:8,
                 from ../includes/../Includes/lcd_drv.h:6,
                 from ../includes/lcd_init.h:6,
                 from ../includes/lcd_init.c:4:
../includes/../Includes/setup_intr.h:14:12: warning: 'pin_stat_past' defined but not used [-Wunused-variable]
   14 | static u16 pin_stat_past = 1;
      |            ^~~~~~~~~~~~~
'Finished building: ../includes/lcd_init.c'
' '
'Building file: ../includes/lcd_io_init.c'
'Invoking: ARM v7 gcc compiler'
arm-none-eabi-gcc -Wall -O2 -c -fmessage-length=0 -MT"includes/lcd_io_init.o" -mcpu=cortex-a9 -mfpu=vfpv3 -mfloat-abi=hard -ID:/Projects/prj/AMD/lcd_7020/zynq_7020_lcd/workspace/zynq7_lcd/export/zynq7_lcd/sw/zynq7_lcd/standalone_domain/bspinclude/include -MMD -MP -MF"includes/lcd_io_init.d" -MT"includes/lcd_io_init.o" -o "includes/lcd_io_init.o" "../includes/lcd_io_init.c"
In file included from ../includes/../Includes/global_defines.h:8,
                 from ../includes/../Includes/lcd_drv.h:6,
                 from ../includes/lcd_io_init.h:6,
                 from ../includes/lcd_io_init.c:4:
../includes/../Includes/setup_intr.h:14:12: warning: 'pin_stat_past' defined but not used [-Wunused-variable]
   14 | static u16 pin_stat_past = 1;
      |            ^~~~~~~~~~~~~
'Finished building: ../includes/lcd_io_init.c'
' '
'Building file: ../includes/setup_intr.c'
'Invoking: ARM v7 gcc compiler'
arm-none-eabi-gcc -Wall -O2 -c -fmessage-length=0 -MT"includes/setup_intr.o" -mcpu=cortex-a9 -mfpu=vfpv3 -mfloat-abi=hard -ID:/Projects/prj/AMD/lcd_7020/zynq_7020_lcd/workspace/zynq7_lcd/export/zynq7_lcd/sw/zynq7_lcd/standalone_domain/bspinclude/include -MMD -MP -MF"includes/setup_intr.d" -MT"includes/setup_intr.o" -o "includes/setup_intr.o" "../includes/setup_intr.c"
'Finished building: ../includes/setup_intr.c'
' '
'Building target: app_zynq7_lcd.elf'
'Invoking: ARM v7 gcc linker'
arm-none-eabi-gcc -L"D:\Projects\prj\AMD\bad_apple_7020_lcd\workspace\zynq_7020_badapple_lcd\ps7_cortexa9_0\standalone_domain\bsp\ps7_cortexa9_0\libsrc\xilffs_v5_3\src\include" -mcpu=cortex-a9 -mfpu=vfpv3 -mfloat-abi=hard -Wl,-build-id=none -specs=Xilinx.spec -Wl,-T -Wl,../src/lscript.ld -LD:/Projects/prj/AMD/lcd_7020/zynq_7020_lcd/workspace/zynq7_lcd/export/zynq7_lcd/sw/zynq7_lcd/standalone_domain/bsplib/lib -o "app_zynq7_lcd.elf"  ./src/main.o  ./includes/intr_io_init.o ./includes/lcd_drv.o ./includes/lcd_init.o ./includes/lcd_io_init.o ./includes/setup_intr.o   -lxilffs -Wl,--start-group,-lxil,-lgcc,-lc,--end-group -Wl,--start-group,-lxilffs,-lxil,-lgcc,-lc,--end-group
D:/AMD/Vitis/2024.2/gnu/aarch32/nt/gcc-arm-none-eabi/x86_64-oesdk-mingw32/usr/bin/arm-xilinx-eabi/../../libexec/arm-xilinx-eabi/gcc/arm-xilinx-eabi/13.3.0/ld.exe: ./src/main.o: in function `open_sd':
main.c:(.text+0xec): undefined reference to `f_mount'
D:/AMD/Vitis/2024.2/gnu/aarch32/nt/gcc-arm-none-eabi/x86_64-oesdk-mingw32/usr/bin/arm-xilinx-eabi/../../libexec/arm-xilinx-eabi/gcc/arm-xilinx-eabi/13.3.0/ld.exe: ./src/main.o: in function `read_frame':
main.c:(.text+0x110): undefined reference to `f_open'
D:/AMD/Vitis/2024.2/gnu/aarch32/nt/gcc-arm-none-eabi/x86_64-oesdk-mingw32/usr/bin/arm-xilinx-eabi/../../libexec/arm-xilinx-eabi/gcc/arm-xilinx-eabi/13.3.0/ld.exe: main.c:(.text+0x11c): undefined reference to `f_lseek'
D:/AMD/Vitis/2024.2/gnu/aarch32/nt/gcc-arm-none-eabi/x86_64-oesdk-mingw32/usr/bin/arm-xilinx-eabi/../../libexec/arm-xilinx-eabi/gcc/arm-xilinx-eabi/13.3.0/ld.exe: main.c:(.text+0x130): undefined reference to `f_read'
D:/AMD/Vitis/2024.2/gnu/aarch32/nt/gcc-arm-none-eabi/x86_64-oesdk-mingw32/usr/bin/arm-xilinx-eabi/../../libexec/arm-xilinx-eabi/gcc/arm-xilinx-eabi/13.3.0/ld.exe: main.c:(.text+0x154): undefined reference to `f_read'
D:/AMD/Vitis/2024.2/gnu/aarch32/nt/gcc-arm-none-eabi/x86_64-oesdk-mingw32/usr/bin/arm-xilinx-eabi/../../libexec/arm-xilinx-eabi/gcc/arm-xilinx-eabi/13.3.0/ld.exe: main.c:(.text+0x164): undefined reference to `f_close'
D:/AMD/Vitis/2024.2/gnu/aarch32/nt/gcc-arm-none-eabi/x86_64-oesdk-mingw32/usr/bin/arm-xilinx-eabi/../../libexec/arm-xilinx-eabi/gcc/arm-xilinx-eabi/13.3.0/ld.exe: ./src/main.o: in function `LCD_Test':
main.c:(.text+0x22c): undefined reference to `f_mount'
collect2.exe: error: ld returned 1 exit status
make[1]: *** [makefile:44: app_zynq7_lcd.elf] Error 1
make: *** [makefile:35: all] Error 2

16:15:23 Build Finished (took 1s.680ms)

